<?xml version="1.0" encoding="UTF-8"?>
<testsuite xmlns:xsi="http://www.w3.org/2001/XMLSchema-instance" xsi:noNamespaceSchemaLocation="https://maven.apache.org/surefire/maven-surefire-plugin/xsd/surefire-test-report-3.0.xsd" version="3.0" name="com.caffora.backend.AuthFlowIntegrationTest" time="21.328" tests="2" errors="0" skipped="0" failures="0">
  <properties>
[...]
</properties>
  <testcase name="registerThenLoginThenAccessProtectedProductsEndpoint" classname="com.caffora.backend.AuthFlowIntegrationTest" time="5.088">
    <system-out><![CDATA[14:31:19.259 [main] INFO org.springframework.test.context.support.AnnotationConfigContextLoaderUtils -- Could not detect default configuration classes for test class [com.caffora.backend.AuthFlowIntegrationTest]: AuthFlowIntegrationTest does not declare any static, non-private, non-final, nested classes annotated with @Configuration.
14:31:19.430 [main] INFO org.springframework.boot.test.context.SpringBootTestContextBootstrapper -- Found @SpringBootConfiguration com.caffora.backend.CafforaBackendApplication for test class com.caffora.backend.AuthFlowIntegrationTest
14:31:19.735 [main] INFO org.springframework.boot.devtools.restart.RestartApplicationListener -- Restart disabled due to context in which it is running

  .   ____          _            __ _ _
 /\\ / ___'_ __ _ _(_)_ __  __ _ \ \ \ \
( ( )\___ | '_ | '_| | '_ \/ _` | \ \ \ \
 \\/  ___)| |_)| | | | | || (_| |  ) ) ) )
  '  |____| .__|_| |_|_| |_\__, | / / / /
 =========|_|==============|___/=/_/_/_/

 :: Spring Boot ::                (v3.3.4)

2026-09-21T14:31:20.381+05:30  INFO 37340 --- [caffora-backend] [           main] c.c.backend.AuthFlowIntegrationTest      : Starting AuthFlowIntegrationTest using Java 23.0.2 with PID 37340 (started by User in C:\Users\User\cafe-management-system\backend)
2026-09-21T14:31:20.383+05:30 DEBUG 37340 --- [caffora-backend] [           main] c.c.backend.AuthFlowIntegrationTest      : Running with Spring Boot v3.3.4, Spring v6.1.13
2026-09-21T14:31:20.387+05:30  INFO 37340 --- [caffora-backend] [           main] c.c.backend.AuthFlowIntegrationTest      : The following 1 profile is active: "test"
2026-09-21T14:31:22.434+05:30  INFO 37340 --- [caffora-backend] [           main] .s.d.r.c.RepositoryConfigurationDelegate : Bootstrapping Spring Data JPA repositories in DEFAULT mode.
2026-09-21T14:31:22.653+05:30  INFO 37340 --- [caffora-backend] [           main] .s.d.r.c.RepositoryConfigurationDelegate : Finished Spring Data repository scanning in 200 ms. Found 7 JPA repository interfaces.
2026-09-21T14:31:24.016+05:30  INFO 37340 --- [caffora-backend] [           main] o.hibernate.jpa.internal.util.LogHelper  : HHH000204: Processing PersistenceUnitInfo [name: default]
2026-09-21T14:31:24.259+05:30  INFO 37340 --- [caffora-backend] [           main] org.hibernate.Version                    : HHH000412: Hibernate ORM core version 6.5.3.Final
2026-09-21T14:31:24.390+05:30  INFO 37340 --- [caffora-backend] [           main] o.h.c.internal.RegionFactoryInitiator    : HHH000026: Second-level cache disabled
2026-09-21T14:31:25.377+05:30  INFO 37340 --- [caffora-backend] [           main] o.s.o.j.p.SpringPersistenceUnitInfo      : No LoadTimeWeaver setup: ignoring JPA class transformer
2026-09-21T14:31:25.468+05:30  INFO 37340 --- [caffora-backend] [           main] com.zaxxer.hikari.HikariDataSource       : HikariPool-1 - Starting...
2026-09-21T14:31:25.898+05:30  INFO 37340 --- [caffora-backend] [           main] com.zaxxer.hikari.pool.HikariPool        : HikariPool-1 - Added connection conn0: url=jdbc:h2:mem:caffora-test user=SA
2026-09-21T14:31:25.901+05:30  INFO 37340 --- [caffora-backend] [           main] com.zaxxer.hikari.HikariDataSource       : HikariPool-1 - Start completed.
2026-09-21T14:31:25.945+05:30  WARN 37340 --- [caffora-backend] [           main] org.hibernate.orm.deprecation            : HHH90000025: H2Dialect does not need to be specified explicitly using 'hibernate.dialect' (remove the property setting and it will be selected by default)
2026-09-21T14:31:27.764+05:30  INFO 37340 --- [caffora-backend] [           main] o.h.e.t.j.p.i.JtaPlatformInitiator       : HHH000489: No JTA platform available (set 'hibernate.transaction.jta.platform' to enable JTA platform integration)
2026-09-21T14:31:27.900+05:30  INFO 37340 --- [caffora-backend] [           main] j.LocalContainerEntityManagerFactoryBean : Initialized JPA EntityManagerFactory for persistence unit 'default'
2026-09-21T14:31:29.217+05:30  INFO 37340 --- [caffora-backend] [           main] o.s.d.j.r.query.QueryEnhancerFactory     : Hibernate is in classpath; If applicable, HQL parser will be used.
2026-09-21T14:31:31.830+05:30  INFO 37340 --- [caffora-backend] [           main] eAuthenticationProviderManagerConfigurer : Global AuthenticationManager configured with AuthenticationProvider bean with name authenticationProvider
2026-09-21T14:31:31.831+05:30  WARN 37340 --- [caffora-backend] [           main] r$InitializeUserDetailsManagerConfigurer : Global AuthenticationManager configured with an AuthenticationProvider bean. UserDetailsService beans will not be used for username/password login. Consider removing the AuthenticationProvider bean. Alternatively, consider using the UserDetailsService in a manually instantiated DaoAuthenticationProvider.
2026-09-21T14:31:34.334+05:30 DEBUG 37340 --- [caffora-backend] [           main] c.c.b.security.JwtAuthenticationFilter   : Filter 'jwtAuthenticationFilter' configured for use
2026-09-21T14:31:34.336+05:30  INFO 37340 --- [caffora-backend] [           main] o.s.b.t.m.w.SpringBootMockServletContext : Initializing Spring TestDispatcherServlet ''
2026-09-21T14:31:34.337+05:30  INFO 37340 --- [caffora-backend] [           main] o.s.t.web.servlet.TestDispatcherServlet  : Initializing Servlet ''
2026-09-21T14:31:34.338+05:30  INFO 37340 --- [caffora-backend] [           main] o.s.t.web.servlet.TestDispatcherServlet  : Completed initialization in 1 ms
2026-09-21T14:31:34.370+05:30  INFO 37340 --- [caffora-backend] [           main] c.c.backend.AuthFlowIntegrationTest      : Started AuthFlowIntegrationTest in 14.665 seconds (process running for 16.143)
2026-09-21T14:31:34.976+05:30  INFO 37340 --- [caffora-backend] [           main] com.caffora.backend.config.DataSeeder    : Seeded admin account: admin@caffora.com (change the password after first login!)
2026-09-21T14:31:35.143+05:30  INFO 37340 --- [caffora-backend] [           main] com.caffora.backend.config.DataSeeder    : Seeded starter menu with 8 products across 4 categories
2026-09-21T14:31:35.150+05:30  INFO 37340 --- [caffora-backend] [           main] com.caffora.backend.config.DataSeeder    : Seeded 3 dine-in tables with QR codes
]]></system-out>
    <system-err><![CDATA[WARNING: A Java agent has been loaded dynamically (C:\Users\User\.m2\repository\net\bytebuddy\byte-buddy-agent\1.14.19\byte-buddy-agent-1.14.19.jar)
WARNING: If a serviceability tool is in use, please run with -XX:+EnableDynamicAgentLoading to hide this warning
WARNING: If a serviceability tool is not in use, please run with -Djdk.instrument.traceUsage for more information
WARNING: Dynamic loading of agents will be disallowed by default in a future release
]]></system-err>
  </testcase>
  <testcase name="unauthenticatedRequestToProtectedEndpointReturns401" classname="com.caffora.backend.AuthFlowIntegrationTest" time="0.017"/>
</testsuite>